#
# There is insufficient memory for the Java Runtime Environment to continue.
# Native memory allocation (malloc) failed to allocate 65552 bytes for Chunk::new
# Possible reasons:
#   The system is out of physical RAM or swap space
#   In 32 bit mode, the process size limit was hit
# Possible solutions:
#   Reduce memory load on the system
#   Increase physical memory or swap space
#   Check if swap backing store is full
#   Use 64 bit Java on a 64 bit OS
#   Decrease Java heap size (-Xmx/-Xms)
#   Decrease number of Java threads
#   Decrease Java thread stack sizes (-Xss)
#   Set larger code cache with -XX:ReservedCodeCacheSize=
# This output file may be truncated or incomplete.
#
#  Out of Memory Error (allocation.cpp:390), pid=12008, tid=0x00000000000033d0
#
# JRE version: OpenJDK Runtime Environment (8.0_112-b06) (build 1.8.0_112-release-b06)
# Java VM: OpenJDK 64-Bit Server VM (25.112-b06 mixed mode windows-amd64 compressed oops)
# Failed to write core dump. Minidumps are not enabled by default on client versions of Windows
#

---------------  T H R E A D  ---------------

Current thread (0x00000000151cb000):  JavaThread "C2 CompilerThread0" daemon [_thread_in_native, id=13264, stack(0x0000000016810000,0x0000000016910000)]

Stack: [0x0000000016810000,0x0000000016910000]
[error occurred during error reporting (printing stack bounds), id 0xc0000005]

Native frames: (J=compiled Java code, j=interpreted, Vv=VM code, C=native code)


Current CompileTask:
C2:   7922 1976       4       com.android.dx.dex.code.OutputFinisher::addConstants (93 bytes)


---------------  P R O C E S S  ---------------

Java Threads: ( => current thread )
  0x0000000016d52000 JavaThread "pool-1-thread-1" [_thread_in_native, id=992, stack(0x0000000017110000,0x0000000017210000)]
  0x000000001522d800 JavaThread "Service Thread" daemon [_thread_blocked, id=9700, stack(0x0000000016f10000,0x0000000017010000)]
  0x00000000151dd000 JavaThread "C1 CompilerThread2" daemon [_thread_blocked, id=9016, stack(0x0000000016a10000,0x0000000016b10000)]
  0x00000000151ce000 JavaThread "C2 CompilerThread1" daemon [_thread_blocked, id=12264, stack(0x0000000016910000,0x0000000016a10000)]
=>0x00000000151cb000 JavaThread "C2 CompilerThread0" daemon [_thread_in_native, id=13264, stack(0x0000000016810000,0x0000000016910000)]
  0x00000000151c9000 JavaThread "Attach Listener" daemon [_thread_blocked, id=8928, stack(0x0000000016710000,0x0000000016810000)]
  0x00000000151c7800 JavaThread "Signal Dispatcher" daemon [_thread_blocked, id=12520, stack(0x0000000016610000,0x0000000016710000)]
  0x00000000151b8800 JavaThread "Finalizer" daemon [_thread_blocked, id=9596, stack(0x0000000016430000,0x0000000016530000)]
  0x0000000015197000 JavaThread "Reference Handler" daemon [_thread_blocked, id=7848, stack(0x0000000016330000,0x0000000016430000)]
  0x0000000002a00800 JavaThread "main" [_thread_blocked, id=5348, stack(0x0000000002900000,0x0000000002a00000)]

Other Threads:
  0x0000000015195000 VMThread [stack: 0x0000000016230000,0x0000000016330000] [id=7016]
  0x0000000016b33800 WatcherThread [stack: 0x0000000017010000,0x0000000017110000] [id=9520]

VM state:not at safepoint (normal execution)

VM Mutex/Monitor currently owned by a thread: None

Heap:
 PSYoungGen      total 138240K, used 9250K [0x00000000eab00000, 0x00000000f3700000, 0x0000000100000000)
  eden space 133120K, 3% used [0x00000000eab00000,0x00000000eaf0bae8,0x00000000f2d00000)
  from space 5120K, 99% used [0x00000000f3200000,0x00000000f36fcdf0,0x00000000f3700000)
  to   space 5120K, 0% used [0x00000000f2d00000,0x00000000f2d00000,0x00000000f3200000)
 ParOldGen       total 87552K, used 46517K [0x00000000c0000000, 0x00000000c5580000, 0x00000000eab00000)
  object space 87552K, 53% used [0x00000000c0000000,0x00000000c2d6d6d0,0x00000000c5580000)
 Metaspace       used 6272K, capacity 7344K, committed 7552K, reserved 1056768K
  class space    used 581K, capacity 616K, committed 640K, reserved 1048576K

Card table byte_map: [0x0000000011ec0000,0x00000000120d0000] byte_map_base: 0x00000000118c0000

Marking Bits: (ParMarkBitMap*) 0x000000006c2118f0
 Begin Bits: [0x0000000012630000, 0x0000000013630000)
 End Bits:   [0x0000000013630000, 0x0000000014630000)

Polling page: 0x0000000001010000

CodeCache: size=245760Kb used=9987Kb max_used=9999Kb free=235772Kb
 bounds [0x0000000002b00000, 0x00000000034d0000, 0x0000000011b00000]
 total_blobs=2488 nmethods=2225 adapters=176
 compilation: enabled

Compilation events (10 events):
Event: 7.601 Thread 0x00000000151dd000 nmethod 2011 0x00000000033fec10 code [0x00000000033fee00, 0x00000000033ff728]
Event: 7.601 Thread 0x00000000151dd000 2007       3       com.android.dx.dex.file.MemberIdItem::addContents (26 bytes)
Event: 7.602 Thread 0x00000000151dd000 nmethod 2007 0x00000000033ffad0 code [0x00000000033ffca0, 0x00000000034006c8]
Event: 7.602 Thread 0x00000000151dd000 2012       3       com.android.dx.dex.file.StringIdItem::<init> (29 bytes)
Event: 7.602 Thread 0x00000000151dd000 nmethod 2012 0x0000000003400b50 code [0x0000000003400ce0, 0x0000000003401088]
Event: 7.604 Thread 0x00000000151dd000 2013       3       java.lang.StringBuilder::<init> (6 bytes)
Event: 7.604 Thread 0x00000000151dd000 nmethod 2013 0x0000000003401210 code [0x0000000003401380, 0x0000000003401630]
Event: 7.604 Thread 0x00000000151dd000 2014       3       com.android.dx.dex.file.ProtoIdItem::makeShortForm (74 bytes)
Event: 7.605 Thread 0x00000000151dd000 nmethod 2014 0x0000000003401750 code [0x0000000003401a60, 0x0000000003403668]
Event: 7.605 Thread 0x00000000151dd000 2015       3       com.android.dx.dex.file.TypeListItem::<init> (21 bytes)

GC Heap History (6 events):
Event: 2.094 GC heap before
{Heap before GC invocations=1 (full 0):
 PSYoungGen      total 38400K, used 33280K [0x00000000eab00000, 0x00000000ed580000, 0x0000000100000000)
  eden space 33280K, 100% used [0x00000000eab00000,0x00000000ecb80000,0x00000000ecb80000)
  from space 5120K, 0% used [0x00000000ed080000,0x00000000ed080000,0x00000000ed580000)
  to   space 5120K, 0% used [0x00000000ecb80000,0x00000000ecb80000,0x00000000ed080000)
 ParOldGen       total 87552K, used 0K [0x00000000c0000000, 0x00000000c5580000, 0x00000000eab00000)
  object space 87552K, 0% used [0x00000000c0000000,0x00000000c0000000,0x00000000c5580000)
 Metaspace       used 5590K, capacity 6832K, committed 7040K, reserved 1056768K
  class space    used 556K, capacity 616K, committed 640K, reserved 1048576K
Event: 2.137 GC heap after
Heap after GC invocations=1 (full 0):
 PSYoungGen      total 38400K, used 5089K [0x00000000eab00000, 0x00000000ef600000, 0x0000000100000000)
  eden space 33280K, 0% used [0x00000000eab00000,0x00000000eab00000,0x00000000ecb80000)
  from space 5120K, 99% used [0x00000000ecb80000,0x00000000ed0784d0,0x00000000ed080000)
  to   space 5120K, 0% used [0x00000000ef100000,0x00000000ef100000,0x00000000ef600000)
 ParOldGen       total 87552K, used 2614K [0x00000000c0000000, 0x00000000c5580000, 0x00000000eab00000)
  object space 87552K, 2% used [0x00000000c0000000,0x00000000c028db40,0x00000000c5580000)
 Metaspace       used 5590K, capacity 6832K, committed 7040K, reserved 1056768K
  class space    used 556K, capacity 616K, committed 640K, reserved 1048576K
}
Event: 2.403 GC heap before
{Heap before GC invocations=2 (full 0):
 PSYoungGen      total 38400K, used 38369K [0x00000000eab00000, 0x00000000ef600000, 0x0000000100000000)
  eden space 33280K, 100% used [0x00000000eab00000,0x00000000ecb80000,0x00000000ecb80000)
  from space 5120K, 99% used [0x00000000ecb80000,0x00000000ed0784d0,0x00000000ed080000)
  to   space 5120K, 0% used [0x00000000ef100000,0x00000000ef100000,0x00000000ef600000)
 ParOldGen       total 87552K, used 2614K [0x00000000c0000000, 0x00000000c5580000, 0x00000000eab00000)
  object space 87552K, 2% used [0x00000000c0000000,0x00000000c028db40,0x00000000c5580000)
 Metaspace       used 5752K, capacity 6960K, committed 7040K, reserved 1056768K
  class space    used 557K, capacity 616K, committed 640K, reserved 1048576K
Event: 2.413 GC heap after
Heap after GC invocations=2 (full 0):
 PSYoungGen      total 71680K, used 5112K [0x00000000eab00000, 0x00000000ef600000, 0x0000000100000000)
  eden space 66560K, 0% used [0x00000000eab00000,0x00000000eab00000,0x00000000eec00000)
  from space 5120K, 99% used [0x00000000ef100000,0x00000000ef5fe2e0,0x00000000ef600000)
  to   space 5120K, 0% used [0x00000000eec00000,0x00000000eec00000,0x00000000ef100000)
 ParOldGen       total 87552K, used 12220K [0x00000000c0000000, 0x00000000c5580000, 0x00000000eab00000)
  object space 87552K, 13% used [0x00000000c0000000,0x00000000c0bef3b0,0x00000000c5580000)
 Metaspace       used 5752K, capacity 6960K, committed 7040K, reserved 1056768K
  class space    used 557K, capacity 616K, committed 640K, reserved 1048576K
}
Event: 6.397 GC heap before
{Heap before GC invocations=3 (full 0):
 PSYoungGen      total 71680K, used 71672K [0x00000000eab00000, 0x00000000ef600000, 0x0000000100000000)
  eden space 66560K, 100% used [0x00000000eab00000,0x00000000eec00000,0x00000000eec00000)
  from space 5120K, 99% used [0x00000000ef100000,0x00000000ef5fe2e0,0x00000000ef600000)
  to   space 5120K, 0% used [0x00000000eec00000,0x00000000eec00000,0x00000000ef100000)
 ParOldGen       total 87552K, used 12220K [0x00000000c0000000, 0x00000000c5580000, 0x00000000eab00000)
  object space 87552K, 13% used [0x00000000c0000000,0x00000000c0bef3b0,0x00000000c5580000)
 Metaspace       used 5867K, capacity 7024K, committed 7296K, reserved 1056768K
  class space    used 561K, capacity 616K, committed 640K, reserved 1048576K
Event: 6.523 GC heap after
Heap after GC invocations=3 (full 0):
 PSYoungGen      total 71680K, used 5117K [0x00000000eab00000, 0x00000000f3700000, 0x0000000100000000)
  eden space 66560K, 0% used [0x00000000eab00000,0x00000000eab00000,0x00000000eec00000)
  from space 5120K, 99% used [0x00000000eec00000,0x00000000ef0ff4e8,0x00000000ef100000)
  to   space 5120K, 0% used [0x00000000f3200000,0x00000000f3200000,0x00000000f3700000)
 ParOldGen       total 87552K, used 28718K [0x00000000c0000000, 0x00000000c5580000, 0x00000000eab00000)
  object space 87552K, 32% used [0x00000000c0000000,0x00000000c1c0baf8,0x00000000c5580000)
 Metaspace       used 5867K, capacity 7024K, committed 7296K, reserved 1056768K
  class space    used 561K, capacity 616K, committed 640K, reserved 1048576K
}

Deoptimization events (10 events):
Event: 7.203 Thread 0x0000000016c68000 Uncommon trap: reason=unstable_if action=reinterpret pc=0x00000000032290b8 method=com.android.dx.cf.code.BytecodeArray.parseInstruction(ILcom/android/dx/cf/code/BytecodeArray$Visitor;)I @ 1261
Event: 7.226 Thread 0x0000000016c68000 Uncommon trap: reason=class_check action=maybe_recompile pc=0x000000000310e8b4 method=com.android.dx.cf.code.Ropper.processBlock(Lcom/android/dx/cf/code/ByteBlock;Lcom/android/dx/cf/code/Frame;[I)V @ 777
Event: 7.226 Thread 0x0000000016c68000 Uncommon trap: reason=class_check action=maybe_recompile pc=0x000000000310e8b4 method=com.android.dx.cf.code.Ropper.processBlock(Lcom/android/dx/cf/code/ByteBlock;Lcom/android/dx/cf/code/Frame;[I)V @ 777
Event: 7.226 Thread 0x0000000016c68000 Uncommon trap: reason=class_check action=maybe_recompile pc=0x000000000310e8b4 method=com.android.dx.cf.code.Ropper.processBlock(Lcom/android/dx/cf/code/ByteBlock;Lcom/android/dx/cf/code/Frame;[I)V @ 777
Event: 7.571 Thread 0x0000000016d52000 Uncommon trap: reason=class_check action=maybe_recompile pc=0x0000000002f7cc58 method=java.util.Arrays.hashCode([Ljava/lang/Object;)I @ 43
Event: 7.571 Thread 0x0000000016d52000 Uncommon trap: reason=class_check action=maybe_recompile pc=0x0000000002f7cc58 method=java.util.Arrays.hashCode([Ljava/lang/Object;)I @ 43
Event: 7.571 Thread 0x0000000016d52000 Uncommon trap: reason=class_check action=maybe_recompile pc=0x0000000002f7cc58 method=java.util.Arrays.hashCode([Ljava/lang/Object;)I @ 43
Event: 7.571 Thread 0x0000000016d52000 Uncommon trap: reason=class_check action=maybe_recompile pc=0x0000000002f7cc58 method=java.util.Arrays.hashCode([Ljava/lang/Object;)I @ 43
Event: 7.571 Thread 0x0000000016d52000 Uncommon trap: reason=class_check action=maybe_recompile pc=0x0000000002f480b8 method=java.util.Arrays.hashCode([Ljava/lang/Object;)I @ 43
Event: 7.578 Thread 0x0000000016d52000 Uncommon trap: reason=unstable_if action=reinterpret pc=0x0000000003145da4 method=java.util.HashMap.putVal(ILjava/lang/Object;Ljava/lang/Object;ZZ)Ljava/lang/Object; @ 94

Internal exceptions (3 events):
Event: 0.019 Thread 0x0000000002a00800 Exception <a 'java/lang/NoSuchMethodError': Method sun.misc.Unsafe.defineClass(Ljava/lang/String;[BII)Ljava/lang/Class; name or signature does not match> (0x00000000eab07c78) thrown at [C:\src\android\AOSP-openjdk\external\jetbrains\jdk\hotspot\src\share\vªå£RÃ“?
Event: 0.019 Thread 0x0000000002a00800 Exception <a 'java/lang/NoSuchMethodError': Method sun.misc.Unsafe.prefetchRead(Ljava/lang/Object;J)V name or signature does not match> (0x00000000eab07f60) thrown at [C:\src\android\AOSP-openjdk\external\jetbrains\jdk\hotspot\src\share\vm\prims\jni.cpp, l«kU_’@
Event: 2.946 Thread 0x0000000016d9f000 Implicit null exception at 0x0000000002e4589c to 0x0000000002e47d59

Events (10 events):
Event: 7.571 Thread 0x0000000016d52000 Uncommon trap: trap_request=0xffffffde fr.pc=0x0000000002f480b8
Event: 7.571 Thread 0x0000000016d52000 DEOPT PACKING pc=0x0000000002f480b8 sp=0x000000001720e9a0
Event: 7.571 Thread 0x0000000016d52000 DEOPT UNPACKING pc=0x0000000002b4556a sp=0x000000001720e928 mode 2
Event: 7.578 Thread 0x0000000016d52000 Uncommon trap: trap_request=0xffffff65 fr.pc=0x0000000003145da4
Event: 7.578 Thread 0x0000000016d52000 DEOPT PACKING pc=0x0000000003145da4 sp=0x000000001720e980
Event: 7.578 Thread 0x0000000016d52000 DEOPT UNPACKING pc=0x0000000002b4556a sp=0x000000001720e900 mode 2
Event: 7.586 loading class com/android/dx/dex/file/CatchStructs
Event: 7.586 loading class com/android/dx/dex/file/CatchStructs done
Event: 7.598 loading class com/android/dx/dex/file/ProtoIdItem
Event: 7.598 loading class com/android/dx/dex/file/ProtoIdItem done


Dynamic libraries:
0x00007ff694090000 - 0x00007ff6940c1000 	D:\Android Studio\jre\bin\java.exe
0x00007ff828f40000 - 0x00007ff829102000 	C:\Windows\SYSTEM32\ntdll.dll
0x00007ff828770000 - 0x00007ff82881d000 	C:\Windows\system32\KERNEL32.DLL
0x00007ff8261a0000 - 0x00007ff82637d000 	C:\Windows\system32\KERNELBASE.dll
0x00007ff827130000 - 0x00007ff8271d6000 	C:\Windows\system32\ADVAPI32.dll
0x00007ff8289b0000 - 0x00007ff828a4d000 	C:\Windows\system32\msvcrt.dll
0x00007ff826870000 - 0x00007ff8268cb000 	C:\Windows\system32\sechost.dll
0x00007ff826d30000 - 0x00007ff826e56000 	C:\Windows\system32\RPCRT4.dll
0x00007ff826720000 - 0x00007ff82686e000 	C:\Windows\system32\USER32.dll
0x00007ff828820000 - 0x00007ff8289a5000 	C:\Windows\system32\GDI32.dll
0x00007ff818a50000 - 0x00007ff818cc4000 	C:\Windows\WinSxS\amd64_microsoft.windows.common-controls_6595b64144ccf1df_6.0.10240.16384_none_f41f7b285750ef43\COMCTL32.dll
0x00007ff8266e0000 - 0x00007ff826716000 	C:\Windows\system32\IMM32.DLL
0x00007ff826fd0000 - 0x00007ff82712c000 	C:\Windows\system32\MSCTF.dll
0x000000006b970000 - 0x000000006ba42000 	D:\Android Studio\jre\jre\bin\msvcr100.dll
0x000000006ba50000 - 0x000000006c28c000 	D:\Android Studio\jre\jre\bin\server\jvm.dll
0x00007ff8268d0000 - 0x00007ff8268d8000 	C:\Windows\system32\PSAPI.DLL
0x00007ff818290000 - 0x00007ff818299000 	C:\Windows\SYSTEM32\WSOCK32.dll
0x00007ff826e80000 - 0x00007ff826ee9000 	C:\Windows\system32\WS2_32.dll
0x00007ff8269a0000 - 0x00007ff8269a8000 	C:\Windows\system32\NSI.dll
0x00007ff823d90000 - 0x00007ff823d9a000 	C:\Windows\SYSTEM32\VERSION.dll
0x00007ff81dbd0000 - 0x00007ff81dbf3000 	C:\Windows\SYSTEM32\WINMM.dll
0x00007ff81dba0000 - 0x00007ff81dbcc000 	C:\Windows\SYSTEM32\WINMMBASE.dll
0x00007ff825ac0000 - 0x00007ff825b04000 	C:\Windows\system32\cfgmgr32.dll
0x00007ff824380000 - 0x00007ff8243a7000 	C:\Windows\SYSTEM32\DEVOBJ.dll
0x00007ff81c980000 - 0x00007ff81c98f000 	D:\Android Studio\jre\jre\bin\verify.dll
0x00007ff81bf30000 - 0x00007ff81bf59000 	D:\Android Studio\jre\jre\bin\java.dll
0x00007ff81bf10000 - 0x00007ff81bf26000 	D:\Android Studio\jre\jre\bin\zip.dll
0x00007ff8271e0000 - 0x00007ff828705000 	C:\Windows\system32\SHELL32.dll
0x00007ff825b10000 - 0x00007ff826138000 	C:\Windows\system32\windows.storage.dll
0x00007ff828a60000 - 0x00007ff828cdc000 	C:\Windows\system32\combase.dll
0x00007ff826680000 - 0x00007ff8266d1000 	C:\Windows\system32\shlwapi.dll
0x00007ff8259c0000 - 0x00007ff8259cf000 	C:\Windows\system32\kernel.appcore.dll
0x00007ff826380000 - 0x00007ff826433000 	C:\Windows\system32\shcore.dll
0x00007ff825970000 - 0x00007ff8259ba000 	C:\Windows\system32\powrprof.dll
0x00007ff8259f0000 - 0x00007ff825a03000 	C:\Windows\system32\profapi.dll

VM Arguments:
jvm_args: -Djava.awt.headless=true -Xmx1024M -Dfile.encoding=windows-1252 -Duser.country=US -Duser.language=en -Duser.variant 
java_command: com.android.dx.command.Main --dex --force-jumbo --num-threads=4 --multi-dex --output D:\Android project\AapkaTradeBuyerFinal\app\build\intermediates\transforms\dex\debug\folders\1000\5\slice_9 D:\Android project\AapkaTradeBuyerFinal\app\build\intermediates\transforms\instantRunSlicer\debug\folders\1\5\slice_9
java_class_path (initial): D:\NishantSDK\nishant\sdk\build-tools\25.0.2\lib\dx.jar
Launcher Type: SUN_STANDARD

Environment Variables:
PATH=C:\ProgramData\Oracle\Java\javapath;C:\Windows\system32;C:\Windows;C:\Windows\System32\Wbem;C:\Windows\System32\WindowsPowerShell\v1.0\;C:\ProgramData\Oracle\Java\javapath;C:\Windows\system32;C:\Windows;C:\Windows\System32\Wbem;C:\Windows\System32\WindowsPowerShell\v1.0\
USERNAME=PPC17
OS=Windows_NT
PROCESSOR_IDENTIFIER=Intel64 Family 6 Model 94 Stepping 3, GenuineIntel



---------------  S Y S T E M  ---------------

OS: Windows 10.0 , 64 bit Build 10240 (10.0.10240.16384)

CPU:total 4 (4 cores per cpu, 1 threads per core) family 6 model 94 stepping 3, cmov, cx8, fxsr, mmx, sse, sse2, sse3, ssse3, sse4.1, sse4.2, popcnt, avx, avx2, aes, clmul, erms, rtm, 3dnowpref, lzcnt, tsc, tscinvbit, bmi1, bmi2, adx

Memory: 4k page, physical 8288696k(256416k free), swap 21272244k(3748k free)

vm_info: OpenJDK 64-Bit Server VM (25.112-b06) for windows-amd64 JRE (1.8.0_112-release-b06), built on Dec  8 2016 00:54:26 by "builder" with MS VC++ 10.0 (VS2010)

time: Fri Jun 23 10:48:56 2017
elapsed time: 7 seconds (0d 0h 0m 7s)

