#
# There is insufficient memory for the Java Runtime Environment to continue.
# Native memory allocation (malloc) failed to allocate 34480 bytes for Chunk::new
# Possible reasons:
#   The system is out of physical RAM or swap space
#   In 32 bit mode, the process size limit was hit
# Possible solutions:
#   Reduce memory load on the system
#   Increase physical memory or swap space
#   Check if swap backing store is full
#   Use 64 bit Java on a 64 bit OS
#   Decrease Java heap size (-Xmx/-Xms)
#   Decrease number of Java threads
#   Decrease Java thread stack sizes (-Xss)
#   Set larger code cache with -XX:ReservedCodeCacheSize=
# This output file may be truncated or incomplete.
#
#  Out of Memory Error (allocation.cpp:390), pid=8820, tid=0x00000000000012c4
#
# JRE version: OpenJDK Runtime Environment (8.0_112-b06) (build 1.8.0_112-release-b06)
# Java VM: OpenJDK 64-Bit Server VM (25.112-b06 mixed mode windows-amd64 compressed oops)
# Failed to write core dump. Minidumps are not enabled by default on client versions of Windows
#

---------------  T H R E A D  ---------------

Current thread (0x000000001510b000):  JavaThread "C2 CompilerThread0" daemon [_thread_in_native, id=4804, stack(0x0000000016750000,0x0000000016850000)]

Stack: [0x0000000016750000,0x0000000016850000]
[error occurred during error reporting (printing stack bounds), id 0xc0000005]

Native frames: (J=compiled Java code, j=interpreted, Vv=VM code, C=native code)


Current CompileTask:
C2:   1116 1099       4       com.android.dx.ssa.SCCP::simulateStmt (481 bytes)


---------------  P R O C E S S  ---------------

Java Threads: ( => current thread )
  0x0000000016ce3000 JavaThread "pool-2-thread-4" [_thread_in_Java, id=12120, stack(0x0000000017450000,0x0000000017550000)]
  0x0000000016caf800 JavaThread "pool-2-thread-3" [_thread_in_Java, id=5512, stack(0x0000000017350000,0x0000000017450000)]
  0x0000000016bb6800 JavaThread "pool-2-thread-2" [_thread_blocked, id=1684, stack(0x0000000017250000,0x0000000017350000)]
  0x0000000016baa800 JavaThread "pool-3-thread-1" [_thread_blocked, id=13304, stack(0x0000000017150000,0x0000000017250000)]
  0x0000000016ba7800 JavaThread "pool-2-thread-1" [_thread_in_Java, id=6548, stack(0x0000000017050000,0x0000000017150000)]
  0x0000000016a50800 JavaThread "Service Thread" daemon [_thread_blocked, id=8120, stack(0x0000000016e50000,0x0000000016f50000)]
  0x0000000015160800 JavaThread "C1 CompilerThread2" daemon [_thread_blocked, id=12684, stack(0x0000000016950000,0x0000000016a50000)]
  0x000000001510e000 JavaThread "C2 CompilerThread1" daemon [_thread_in_native, id=10572, stack(0x0000000016850000,0x0000000016950000)]
=>0x000000001510b000 JavaThread "C2 CompilerThread0" daemon [_thread_in_native, id=4804, stack(0x0000000016750000,0x0000000016850000)]
  0x0000000015109000 JavaThread "Attach Listener" daemon [_thread_blocked, id=6640, stack(0x0000000016650000,0x0000000016750000)]
  0x0000000015108000 JavaThread "Signal Dispatcher" daemon [_thread_blocked, id=11620, stack(0x0000000016550000,0x0000000016650000)]
  0x00000000150f8000 JavaThread "Finalizer" daemon [_thread_blocked, id=12468, stack(0x0000000016370000,0x0000000016470000)]
  0x00000000150d7000 JavaThread "Reference Handler" daemon [_thread_blocked, id=5808, stack(0x0000000016270000,0x0000000016370000)]
  0x0000000002940800 JavaThread "main" [_thread_in_native, id=11432, stack(0x0000000002840000,0x0000000002940000)]

Other Threads:
  0x00000000150d5000 VMThread [stack: 0x0000000016170000,0x0000000016270000] [id=5180]
  0x000000001516e800 WatcherThread [stack: 0x0000000016f50000,0x0000000017050000] [id=9524]

VM state:not at safepoint (normal execution)

VM Mutex/Monitor currently owned by a thread: None

Heap:
 PSYoungGen      total 38400K, used 25196K [0x00000000eab00000, 0x00000000ed580000, 0x0000000100000000)
  eden space 33280K, 60% used [0x00000000eab00000,0x00000000ebe9e538,0x00000000ecb80000)
  from space 5120K, 99% used [0x00000000ecb80000,0x00000000ed07cbf8,0x00000000ed080000)
  to   space 5120K, 0% used [0x00000000ed080000,0x00000000ed080000,0x00000000ed580000)
 ParOldGen       total 87552K, used 2381K [0x00000000c0000000, 0x00000000c5580000, 0x00000000eab00000)
  object space 87552K, 2% used [0x00000000c0000000,0x00000000c0253558,0x00000000c5580000)
 Metaspace       used 5689K, capacity 6896K, committed 7040K, reserved 1056768K
  class space    used 556K, capacity 616K, committed 640K, reserved 1048576K

Card table byte_map: [0x0000000011e00000,0x0000000012010000] byte_map_base: 0x0000000011800000

Marking Bits: (ParMarkBitMap*) 0x000000006c2118f0
 Begin Bits: [0x0000000012570000, 0x0000000013570000)
 End Bits:   [0x0000000013570000, 0x0000000014570000)

Polling page: 0x0000000002660000

CodeCache: size=245760Kb used=4664Kb max_used=4664Kb free=241095Kb
 bounds [0x0000000002a40000, 0x0000000002ee0000, 0x0000000011a40000]
 total_blobs=1426 nmethods=1165 adapters=175
 compilation: enabled

Compilation events (10 events):
Event: 1.103 Thread 0x0000000015160800 1163       2       com.android.dx.cf.code.Ropper::getSpecialLabel (20 bytes)
Event: 1.103 Thread 0x0000000015160800 nmethod 1163 0x0000000002eb9950 code [0x0000000002eb9aa0, 0x0000000002eb9c10]
Event: 1.103 Thread 0x0000000015160800 1162       2       com.android.dx.ssa.SsaBasicBlock::addMoveToEnd (172 bytes)
Event: 1.103 Thread 0x0000000015160800 nmethod 1162 0x0000000002ebd490 code [0x0000000002ebd720, 0x0000000002ebe228]
Event: 1.103 Thread 0x0000000015160800 1165 %     3       com.android.dx.ssa.Dominators::run @ 283 (506 bytes)
Event: 1.104 Thread 0x000000001510e000 nmethod 1122 0x0000000002ebf2d0 code [0x0000000002ebf480, 0x0000000002ebff98]
Event: 1.104 Thread 0x000000001510e000 1144 %     4       com.android.dx.ssa.SsaMethod::deleteInsns @ 8 (239 bytes)
Event: 1.106 Thread 0x0000000015160800 nmethod 1165% 0x0000000002ec11d0 code [0x0000000002ec17c0, 0x0000000002ec5a38]
Event: 1.106 Thread 0x0000000015160800 1164       2       com.android.dx.ssa.LocalVariableExtractor::doit (59 bytes)
Event: 1.106 Thread 0x0000000015160800 nmethod 1164 0x0000000002ebced0 code [0x0000000002ebd060, 0x0000000002ebd2c8]

GC Heap History (2 events):
Event: 0.946 GC heap before
{Heap before GC invocations=1 (full 0):
 PSYoungGen      total 38400K, used 33280K [0x00000000eab00000, 0x00000000ed580000, 0x0000000100000000)
  eden space 33280K, 100% used [0x00000000eab00000,0x00000000ecb80000,0x00000000ecb80000)
  from space 5120K, 0% used [0x00000000ed080000,0x00000000ed080000,0x00000000ed580000)
  to   space 5120K, 0% used [0x00000000ecb80000,0x00000000ecb80000,0x00000000ed080000)
 ParOldGen       total 87552K, used 0K [0x00000000c0000000, 0x00000000c5580000, 0x00000000eab00000)
  object space 87552K, 0% used [0x00000000c0000000,0x00000000c0000000,0x00000000c5580000)
 Metaspace       used 5612K, capacity 6832K, committed 7040K, reserved 1056768K
  class space    used 556K, capacity 616K, committed 640K, reserved 1048576K
Event: 0.967 GC heap after
Heap after GC invocations=1 (full 0):
 PSYoungGen      total 38400K, used 5106K [0x00000000eab00000, 0x00000000ed580000, 0x0000000100000000)
  eden space 33280K, 0% used [0x00000000eab00000,0x00000000eab00000,0x00000000ecb80000)
  from space 5120K, 99% used [0x00000000ecb80000,0x00000000ed07cbf8,0x00000000ed080000)
  to   space 5120K, 0% used [0x00000000ed080000,0x00000000ed080000,0x00000000ed580000)
 ParOldGen       total 87552K, used 2381K [0x00000000c0000000, 0x00000000c5580000, 0x00000000eab00000)
  object space 87552K, 2% used [0x00000000c0000000,0x00000000c0253558,0x00000000c5580000)
 Metaspace       used 5612K, capacity 6832K, committed 7040K, reserved 1056768K
  class space    used 556K, capacity 616K, committed 640K, reserved 1048576K
}

Deoptimization events (10 events):
Event: 0.534 Thread 0x0000000016ce3000 Uncommon trap: reason=unstable_if action=reinterpret pc=0x0000000002c36270 method=java.util.HashMap.getNode(ILjava/lang/Object;)Ljava/util/HashMap$Node; @ 129
Event: 0.535 Thread 0x0000000002940800 Uncommon trap: reason=unstable_if action=reinterpret pc=0x0000000002c37f3c method=java.lang.String.<init>([CII)V @ 18
Event: 0.673 Thread 0x0000000016ce3000 Uncommon trap: reason=unstable_if action=reinterpret pc=0x0000000002c9f6b0 method=java.util.BitSet.nextSetBit(I)I @ 87
Event: 0.764 Thread 0x0000000016bb6800 Uncommon trap: reason=unstable_if action=reinterpret pc=0x0000000002d774c8 method=com.android.dx.rop.code.RegisterSpec.equals(ILcom/android/dx/rop/type/TypeBearer;Lcom/android/dx/rop/code/LocalItem;)Z @ 16
Event: 0.801 Thread 0x0000000016bb6800 Uncommon trap: reason=unstable_if action=reinterpret pc=0x0000000002e1cd7c method=com.android.dx.rop.code.RegisterSpec.equals(ILcom/android/dx/rop/type/TypeBearer;Lcom/android/dx/rop/code/LocalItem;)Z @ 16
Event: 0.871 Thread 0x0000000016ce3000 Uncommon trap: reason=class_check action=maybe_recompile pc=0x0000000002dbc1e4 method=com.android.dx.ssa.NormalSsaInsn.accept(Lcom/android/dx/ssa/SsaInsn$Visitor;)V @ 9
Event: 0.973 Thread 0x0000000016ba7800 Uncommon trap: reason=class_check action=maybe_recompile pc=0x0000000002dbc1e4 method=com.android.dx.ssa.NormalSsaInsn.accept(Lcom/android/dx/ssa/SsaInsn$Visitor;)V @ 9
Event: 0.982 Thread 0x0000000016ba7800 Uncommon trap: reason=class_check action=maybe_recompile pc=0x0000000002dbc1e4 method=com.android.dx.ssa.NormalSsaInsn.accept(Lcom/android/dx/ssa/SsaInsn$Visitor;)V @ 9
Event: 1.024 Thread 0x0000000016caf800 Uncommon trap: reason=class_check action=maybe_recompile pc=0x0000000002dbc1e4 method=com.android.dx.ssa.NormalSsaInsn.accept(Lcom/android/dx/ssa/SsaInsn$Visitor;)V @ 9
Event: 1.029 Thread 0x0000000016caf800 Uncommon trap: reason=class_check action=maybe_recompile pc=0x0000000002d7c8c0 method=com.android.dx.ssa.NormalSsaInsn.accept(Lcom/android/dx/ssa/SsaInsn$Visitor;)V @ 9

Internal exceptions (2 events):
Event: 0.186 Thread 0x0000000002940800 Exception <a 'java/lang/NoSuchMethodError': Method sun.misc.Unsafe.defineClass(Ljava/lang/String;[BII)Ljava/lang/Class; name or signature does not match> (0x00000000eab07c78) thrown at [C:\src\android\AOSP-openjdk\external\jetbrains\jdk\hotspot\src\share\v`Эвнг?
Event: 0.186 Thread 0x0000000002940800 Exception <a 'java/lang/NoSuchMethodError': Method sun.misc.Unsafe.prefetchRead(Ljava/lang/Object;J)V name or signature does not match> (0x00000000eab07f60) thrown at [C:\src\android\AOSP-openjdk\external\jetbrains\jdk\hotspot\src\share\vm\prims\jni.cpp, l

Events (10 events):
Event: 0.986 Thread 0x0000000016caf800 DEOPT PACKING pc=0x0000000002d1c6fa sp=0x000000001744eb20
Event: 0.986 Thread 0x0000000016caf800 DEOPT UNPACKING pc=0x0000000002a875bf sp=0x000000001744e888 mode 0
Event: 1.024 Thread 0x0000000016caf800 Uncommon trap: trap_request=0xffffffde fr.pc=0x0000000002dbc1e4
Event: 1.024 Thread 0x0000000016caf800 DEOPT PACKING pc=0x0000000002dbc1e4 sp=0x000000001744eab0
Event: 1.024 Thread 0x0000000016caf800 DEOPT UNPACKING pc=0x0000000002a8556a sp=0x000000001744eaa0 mode 2
Event: 1.029 Thread 0x0000000016caf800 Uncommon trap: trap_request=0xffffffde fr.pc=0x0000000002d7c8c0
Event: 1.029 Thread 0x0000000016caf800 DEOPT PACKING pc=0x0000000002d7c8c0 sp=0x000000001744eab0
Event: 1.029 Thread 0x0000000016caf800 DEOPT UNPACKING pc=0x0000000002a8556a sp=0x000000001744eaf0 mode 2
Event: 1.080 Thread 0x0000000016bb6800 DEOPT PACKING pc=0x0000000002e36ca3 sp=0x000000001734ed00
Event: 1.080 Thread 0x0000000016bb6800 DEOPT UNPACKING pc=0x0000000002a875bf sp=0x000000001734ea60 mode 0


Dynamic libraries:
0x00007ff694090000 - 0x00007ff6940c1000 	D:\Android Studio\jre\bin\java.exe
0x00007ff828f40000 - 0x00007ff829102000 	C:\Windows\SYSTEM32\ntdll.dll
0x00007ff828770000 - 0x00007ff82881d000 	C:\Windows\system32\KERNEL32.DLL
0x00007ff8261a0000 - 0x00007ff82637d000 	C:\Windows\system32\KERNELBASE.dll
0x00007ff827130000 - 0x00007ff8271d6000 	C:\Windows\system32\ADVAPI32.dll
0x00007ff8289b0000 - 0x00007ff828a4d000 	C:\Windows\system32\msvcrt.dll
0x00007ff826870000 - 0x00007ff8268cb000 	C:\Windows\system32\sechost.dll
0x00007ff826d30000 - 0x00007ff826e56000 	C:\Windows\system32\RPCRT4.dll
0x00007ff826720000 - 0x00007ff82686e000 	C:\Windows\system32\USER32.dll
0x00007ff828820000 - 0x00007ff8289a5000 	C:\Windows\system32\GDI32.dll
0x00007ff818a50000 - 0x00007ff818cc4000 	C:\Windows\WinSxS\amd64_microsoft.windows.common-controls_6595b64144ccf1df_6.0.10240.16384_none_f41f7b285750ef43\COMCTL32.dll
0x00007ff8266e0000 - 0x00007ff826716000 	C:\Windows\system32\IMM32.DLL
0x00007ff826fd0000 - 0x00007ff82712c000 	C:\Windows\system32\MSCTF.dll
0x000000006b970000 - 0x000000006ba42000 	D:\Android Studio\jre\jre\bin\msvcr100.dll
0x000000006ba50000 - 0x000000006c28c000 	D:\Android Studio\jre\jre\bin\server\jvm.dll
0x00007ff8268d0000 - 0x00007ff8268d8000 	C:\Windows\system32\PSAPI.DLL
0x00007ff818290000 - 0x00007ff818299000 	C:\Windows\SYSTEM32\WSOCK32.dll
0x00007ff826e80000 - 0x00007ff826ee9000 	C:\Windows\system32\WS2_32.dll
0x00007ff8269a0000 - 0x00007ff8269a8000 	C:\Windows\system32\NSI.dll
0x00007ff81dbd0000 - 0x00007ff81dbf3000 	C:\Windows\SYSTEM32\WINMM.dll
0x00007ff823d90000 - 0x00007ff823d9a000 	C:\Windows\SYSTEM32\VERSION.dll
0x00007ff81dba0000 - 0x00007ff81dbcc000 	C:\Windows\SYSTEM32\WINMMBASE.dll
0x00007ff825ac0000 - 0x00007ff825b04000 	C:\Windows\system32\cfgmgr32.dll
0x00007ff824380000 - 0x00007ff8243a7000 	C:\Windows\SYSTEM32\DEVOBJ.dll
0x00007ff81c980000 - 0x00007ff81c98f000 	D:\Android Studio\jre\jre\bin\verify.dll
0x00007ff81bf30000 - 0x00007ff81bf59000 	D:\Android Studio\jre\jre\bin\java.dll
0x00007ff81bf10000 - 0x00007ff81bf26000 	D:\Android Studio\jre\jre\bin\zip.dll
0x00007ff8271e0000 - 0x00007ff828705000 	C:\Windows\system32\SHELL32.dll
0x00007ff825b10000 - 0x00007ff826138000 	C:\Windows\system32\windows.storage.dll
0x00007ff828a60000 - 0x00007ff828cdc000 	C:\Windows\system32\combase.dll
0x00007ff826680000 - 0x00007ff8266d1000 	C:\Windows\system32\shlwapi.dll
0x00007ff8259c0000 - 0x00007ff8259cf000 	C:\Windows\system32\kernel.appcore.dll
0x00007ff826380000 - 0x00007ff826433000 	C:\Windows\system32\shcore.dll
0x00007ff825970000 - 0x00007ff8259ba000 	C:\Windows\system32\powrprof.dll
0x00007ff8259f0000 - 0x00007ff825a03000 	C:\Windows\system32\profapi.dll

VM Arguments:
jvm_args: -Djava.awt.headless=true -Xmx1024M -Dfile.encoding=windows-1252 -Duser.country=US -Duser.language=en -Duser.variant 
java_command: com.android.dx.command.Main --dex --force-jumbo --num-threads=4 --multi-dex --output D:\Android project\AapkaTradeBuyerFinal\app\build\intermediates\transforms\dex\debug\folders\1000\5\slice_1 D:\Android project\AapkaTradeBuyerFinal\app\build\intermediates\transforms\instantRunSlicer\debug\folders\1\5\slice_1
java_class_path (initial): D:\NishantSDK\nishant\sdk\build-tools\25.0.2\lib\dx.jar
Launcher Type: SUN_STANDARD

Environment Variables:
PATH=C:\ProgramData\Oracle\Java\javapath;C:\Windows\system32;C:\Windows;C:\Windows\System32\Wbem;C:\Windows\System32\WindowsPowerShell\v1.0\;C:\ProgramData\Oracle\Java\javapath;C:\Windows\system32;C:\Windows;C:\Windows\System32\Wbem;C:\Windows\System32\WindowsPowerShell\v1.0\
USERNAME=PPC17
OS=Windows_NT
PROCESSOR_IDENTIFIER=Intel64 Family 6 Model 94 Stepping 3, GenuineIntel



---------------  S Y S T E M  ---------------

OS: Windows 10.0 , 64 bit Build 10240 (10.0.10240.16384)

CPU:total 4 (4 cores per cpu, 1 threads per core) family 6 model 94 stepping 3, cmov, cx8, fxsr, mmx, sse, sse2, sse3, ssse3, sse4.1, sse4.2, popcnt, avx, avx2, aes, clmul, erms, rtm, 3dnowpref, lzcnt, tsc, tscinvbit, bmi1, bmi2, adx

Memory: 4k page, physical 8288696k(458864k free), swap 21272244k(2536k free)

vm_info: OpenJDK 64-Bit Server VM (25.112-b06) for windows-amd64 JRE (1.8.0_112-release-b06), built on Dec  8 2016 00:54:26 by "builder" with MS VC++ 10.0 (VS2010)

time: Fri Jun 23 10:48:44 2017
elapsed time: 1 seconds (0d 0h 0m 1s)

