#
# There is insufficient memory for the Java Runtime Environment to continue.
# Native memory allocation (malloc) failed to allocate 65552 bytes for Chunk::new
# Possible reasons:
#   The system is out of physical RAM or swap space
#   In 32 bit mode, the process size limit was hit
# Possible solutions:
#   Reduce memory load on the system
#   Increase physical memory or swap space
#   Check if swap backing store is full
#   Use 64 bit Java on a 64 bit OS
#   Decrease Java heap size (-Xmx/-Xms)
#   Decrease number of Java threads
#   Decrease Java thread stack sizes (-Xss)
#   Set larger code cache with -XX:ReservedCodeCacheSize=
# This output file may be truncated or incomplete.
#
#  Out of Memory Error (allocation.cpp:390), pid=4120, tid=0x0000000000001d50
#
# JRE version: OpenJDK Runtime Environment (8.0_112-b06) (build 1.8.0_112-release-b06)
# Java VM: OpenJDK 64-Bit Server VM (25.112-b06 mixed mode windows-amd64 compressed oops)
# Failed to write core dump. Minidumps are not enabled by default on client versions of Windows
#

---------------  T H R E A D  ---------------

Current thread (0x0000000014976800):  JavaThread "C2 CompilerThread0" daemon [_thread_in_native, id=7504, stack(0x0000000015fc0000,0x00000000160c0000)]

Stack: [0x0000000015fc0000,0x00000000160c0000]
[error occurred during error reporting (printing stack bounds), id 0xc0000005]

Native frames: (J=compiled Java code, j=interpreted, Vv=VM code, C=native code)


Current CompileTask:
C2:   2437 1136   !   4       com.android.dx.cf.cst.ConstantPoolParser::parse0 (731 bytes)


---------------  P R O C E S S  ---------------

Java Threads: ( => current thread )
  0x000000001651c000 JavaThread "pool-2-thread-4" [_thread_in_Java, id=7072, stack(0x0000000016cc0000,0x0000000016dc0000)]
  0x000000001651a800 JavaThread "pool-2-thread-3" [_thread_blocked, id=9212, stack(0x0000000016bc0000,0x0000000016cc0000)]
  0x000000001651a000 JavaThread "pool-2-thread-2" [_thread_blocked, id=11028, stack(0x0000000016ac0000,0x0000000016bc0000)]
  0x0000000016511000 JavaThread "pool-3-thread-1" [_thread_blocked, id=10636, stack(0x00000000169c0000,0x0000000016ac0000)]
  0x0000000016510000 JavaThread "pool-2-thread-1" [_thread_in_Java, id=10992, stack(0x00000000168c0000,0x00000000169c0000)]
  0x00000000149ce000 JavaThread "Service Thread" daemon [_thread_blocked, id=7152, stack(0x00000000166c0000,0x00000000167c0000)]
  0x00000000149ca000 JavaThread "C1 CompilerThread2" daemon [_thread_in_native, id=7068, stack(0x00000000161c0000,0x00000000162c0000)]
  0x00000000149c4000 JavaThread "C2 CompilerThread1" daemon [_thread_in_native, id=10596, stack(0x00000000160c0000,0x00000000161c0000)]
=>0x0000000014976800 JavaThread "C2 CompilerThread0" daemon [_thread_in_native, id=7504, stack(0x0000000015fc0000,0x00000000160c0000)]
  0x0000000014975000 JavaThread "Attach Listener" daemon [_thread_blocked, id=9636, stack(0x0000000015ec0000,0x0000000015fc0000)]
  0x0000000014973800 JavaThread "Signal Dispatcher" daemon [_thread_blocked, id=9848, stack(0x0000000015dc0000,0x0000000015ec0000)]
  0x0000000002273800 JavaThread "Finalizer" daemon [_thread_blocked, id=13208, stack(0x0000000015bd0000,0x0000000015cd0000)]
  0x0000000002270000 JavaThread "Reference Handler" daemon [_thread_blocked, id=5136, stack(0x0000000015ad0000,0x0000000015bd0000)]
  0x0000000002180800 JavaThread "main" [_thread_in_vm, id=6500, stack(0x0000000002070000,0x0000000002170000)]

Other Threads:
  0x0000000014935000 VMThread [stack: 0x00000000159d0000,0x0000000015ad0000] [id=11272]
  0x00000000162cc000 WatcherThread [stack: 0x00000000167c0000,0x00000000168c0000] [id=12456]

VM state:not at safepoint (normal execution)

VM Mutex/Monitor currently owned by a thread: None

Heap:
 PSYoungGen      total 38400K, used 34464K [0x00000000eab00000, 0x00000000ed580000, 0x0000000100000000)
  eden space 33280K, 88% used [0x00000000eab00000,0x00000000ec7a99f8,0x00000000ecb80000)
  from space 5120K, 99% used [0x00000000ed080000,0x00000000ed57e628,0x00000000ed580000)
  to   space 5120K, 0% used [0x00000000ecb80000,0x00000000ecb80000,0x00000000ed080000)
 ParOldGen       total 87552K, used 7902K [0x00000000c0000000, 0x00000000c5580000, 0x00000000eab00000)
  object space 87552K, 9% used [0x00000000c0000000,0x00000000c07b7828,0x00000000c5580000)
 Metaspace       used 5776K, capacity 6896K, committed 7040K, reserved 1056768K
  class space    used 555K, capacity 616K, committed 640K, reserved 1048576K

Card table byte_map: [0x0000000011640000,0x0000000011850000] byte_map_base: 0x0000000011040000

Marking Bits: (ParMarkBitMap*) 0x000000006c2118f0
 Begin Bits: [0x0000000011db0000, 0x0000000012db0000)
 End Bits:   [0x0000000012db0000, 0x0000000013db0000)

Polling page: 0x0000000002040000

CodeCache: size=245760Kb used=5374Kb max_used=5374Kb free=240385Kb
 bounds [0x0000000002280000, 0x00000000027d0000, 0x0000000011280000]
 total_blobs=1594 nmethods=1333 adapters=175
 compilation: enabled

Compilation events (10 events):
Event: 2.427 Thread 0x00000000149ca000 nmethod 1363% 0x00000000027a2550 code [0x00000000027a2b00, 0x00000000027a6368]
Event: 2.427 Thread 0x00000000149ca000 1381 %     3       com.android.dx.ssa.Dominators::run @ 89 (506 bytes)
Event: 2.429 Thread 0x00000000149ca000 nmethod 1381% 0x00000000027a9e10 code [0x00000000027aa400, 0x00000000027ae5f8]
Event: 2.429 Thread 0x00000000149ca000 1367 %     3       com.android.dx.cf.code.BasicBlocker::getBlockList @ 66 (208 bytes)
Event: 2.430 Thread 0x00000000149ca000 nmethod 1367% 0x00000000027b1fd0 code [0x00000000027b2260, 0x00000000027b3608]
Event: 2.430 Thread 0x00000000149ca000 1357 %     3       com.android.dx.ssa.SCCP::run @ 53 (298 bytes)
Event: 2.431 Thread 0x00000000149ca000 nmethod 1357% 0x00000000027b4210 code [0x00000000027b4600, 0x00000000027b6748]
Event: 2.431 Thread 0x00000000149ca000 1380 %     3       com.android.dx.ssa.SsaConverter::edgeSplitSuccessors @ 12 (98 bytes)
Event: 2.432 Thread 0x00000000149ca000 nmethod 1380% 0x00000000027b7490 code [0x00000000027b7700, 0x00000000027b8548]
Event: 2.432 Thread 0x00000000149ca000 1356 %     3       com.android.dx.ssa.DomFront::calcDomFronts @ 10 (154 bytes)

GC Heap History (4 events):
Event: 1.548 GC heap before
{Heap before GC invocations=1 (full 0):
 PSYoungGen      total 38400K, used 33280K [0x00000000eab00000, 0x00000000ed580000, 0x0000000100000000)
  eden space 33280K, 100% used [0x00000000eab00000,0x00000000ecb80000,0x00000000ecb80000)
  from space 5120K, 0% used [0x00000000ed080000,0x00000000ed080000,0x00000000ed580000)
  to   space 5120K, 0% used [0x00000000ecb80000,0x00000000ecb80000,0x00000000ed080000)
 ParOldGen       total 87552K, used 0K [0x00000000c0000000, 0x00000000c5580000, 0x00000000eab00000)
  object space 87552K, 0% used [0x00000000c0000000,0x00000000c0000000,0x00000000c5580000)
 Metaspace       used 5638K, capacity 6832K, committed 7040K, reserved 1056768K
  class space    used 555K, capacity 616K, committed 640K, reserved 1048576K
Event: 1.857 GC heap after
Heap after GC invocations=1 (full 0):
 PSYoungGen      total 38400K, used 5113K [0x00000000eab00000, 0x00000000ed580000, 0x0000000100000000)
  eden space 33280K, 0% used [0x00000000eab00000,0x00000000eab00000,0x00000000ecb80000)
  from space 5120K, 99% used [0x00000000ecb80000,0x00000000ed07e538,0x00000000ed080000)
  to   space 5120K, 0% used [0x00000000ed080000,0x00000000ed080000,0x00000000ed580000)
 ParOldGen       total 87552K, used 2386K [0x00000000c0000000, 0x00000000c5580000, 0x00000000eab00000)
  object space 87552K, 2% used [0x00000000c0000000,0x00000000c0254aa0,0x00000000c5580000)
 Metaspace       used 5638K, capacity 6832K, committed 7040K, reserved 1056768K
  class space    used 555K, capacity 616K, committed 640K, reserved 1048576K
}
Event: 2.297 GC heap before
{Heap before GC invocations=2 (full 0):
 PSYoungGen      total 38400K, used 38393K [0x00000000eab00000, 0x00000000ed580000, 0x0000000100000000)
  eden space 33280K, 100% used [0x00000000eab00000,0x00000000ecb80000,0x00000000ecb80000)
  from space 5120K, 99% used [0x00000000ecb80000,0x00000000ed07e538,0x00000000ed080000)
  to   space 5120K, 0% used [0x00000000ed080000,0x00000000ed080000,0x00000000ed580000)
 ParOldGen       total 87552K, used 2386K [0x00000000c0000000, 0x00000000c5580000, 0x00000000eab00000)
  object space 87552K, 2% used [0x00000000c0000000,0x00000000c0254aa0,0x00000000c5580000)
 Metaspace       used 5759K, capacity 6896K, committed 7040K, reserved 1056768K
  class space    used 555K, capacity 616K, committed 640K, reserved 1048576K
Event: 2.376 GC heap after
Heap after GC invocations=2 (full 0):
 PSYoungGen      total 38400K, used 5113K [0x00000000eab00000, 0x00000000ed580000, 0x0000000100000000)
  eden space 33280K, 0% used [0x00000000eab00000,0x00000000eab00000,0x00000000ecb80000)
  from space 5120K, 99% used [0x00000000ed080000,0x00000000ed57e628,0x00000000ed580000)
  to   space 5120K, 0% used [0x00000000ecb80000,0x00000000ecb80000,0x00000000ed080000)
 ParOldGen       total 87552K, used 7902K [0x00000000c0000000, 0x00000000c5580000, 0x00000000eab00000)
  object space 87552K, 9% used [0x00000000c0000000,0x00000000c07b7828,0x00000000c5580000)
 Metaspace       used 5759K, capacity 6896K, committed 7040K, reserved 1056768K
  class space    used 555K, capacity 616K, committed 640K, reserved 1048576K
}

Deoptimization events (10 events):
Event: 2.015 Thread 0x0000000016510000 Uncommon trap: reason=class_check action=maybe_recompile pc=0x000000000256ef40 method=com.android.dx.ssa.NormalSsaInsn.accept(Lcom/android/dx/ssa/SsaInsn$Visitor;)V @ 9
Event: 2.015 Thread 0x0000000016510000 Uncommon trap: reason=class_check action=maybe_recompile pc=0x000000000256ef40 method=com.android.dx.ssa.NormalSsaInsn.accept(Lcom/android/dx/ssa/SsaInsn$Visitor;)V @ 9
Event: 2.148 Thread 0x000000001651a800 Uncommon trap: reason=unstable_if action=reinterpret pc=0x00000000025991f0 method=com.android.dx.rop.code.RegisterSpecSet.put(Lcom/android/dx/rop/code/RegisterSpec;)V @ 77
Event: 2.159 Thread 0x000000001651a800 Uncommon trap: reason=class_check action=maybe_recompile pc=0x000000000256ef40 method=com.android.dx.ssa.NormalSsaInsn.accept(Lcom/android/dx/ssa/SsaInsn$Visitor;)V @ 9
Event: 2.159 Thread 0x000000001651a800 Uncommon trap: reason=class_check action=maybe_recompile pc=0x00000000025355c0 method=com.android.dx.ssa.NormalSsaInsn.accept(Lcom/android/dx/ssa/SsaInsn$Visitor;)V @ 9
Event: 2.220 Thread 0x0000000002180800 Uncommon trap: reason=uninitialized action=reinterpret pc=0x00000000026c9f30 method=com.android.dx.cf.code.BytecodeArray.parseInstruction(ILcom/android/dx/cf/code/BytecodeArray$Visitor;)I @ 1031
Event: 2.389 Thread 0x0000000016510000 Uncommon trap: reason=unstable_if action=reinterpret pc=0x0000000002654520 method=com.android.dx.util.IntList.binarysearch(I)I @ 26
Event: 2.389 Thread 0x0000000016510000 Uncommon trap: reason=unstable_if action=reinterpret pc=0x00000000027788b4 method=com.android.dx.util.IntList.binarysearch(I)I @ 26
Event: 2.415 Thread 0x0000000016510000 Uncommon trap: reason=unstable_if action=reinterpret pc=0x000000000279ca60 method=com.android.dx.ssa.SCCP.simulateBranch(Lcom/android/dx/ssa/SsaInsn;)V @ 64
Event: 2.416 Thread 0x0000000016510000 Uncommon trap: reason=unstable_if action=reinterpret pc=0x00000000025ab79c method=com.android.dx.ssa.SsaMethod.updateOneDefinition(Lcom/android/dx/ssa/SsaInsn;Lcom/android/dx/rop/code/RegisterSpec;)V @ 4

Internal exceptions (3 events):
Event: 0.030 Thread 0x0000000002180800 Exception <a 'java/lang/NoSuchMethodError': Method sun.misc.Unsafe.defineClass(Ljava/lang/String;[BII)Ljava/lang/Class; name or signature does not match> (0x00000000eab07c78) thrown at [C:\src\android\AOSP-openjdk\external\jetbrains\jdk\hotspot\src\share\v˜â?íZž?
Event: 0.030 Thread 0x0000000002180800 Exception <a 'java/lang/NoSuchMethodError': Method sun.misc.Unsafe.prefetchRead(Ljava/lang/Object;J)V name or signature does not match> (0x00000000eab07f60) thrown at [C:\src\android\AOSP-openjdk\external\jetbrains\jdk\hotspot\src\share\vm\prims\jni.cpp, lÚKúoWö?
Event: 1.396 Thread 0x000000001651a000 Implicit null exception at 0x000000000255e3a2 to 0x000000000255e4a9

Events (10 events):
Event: 2.415 Thread 0x0000000016510000 Uncommon trap: trap_request=0xffffff65 fr.pc=0x000000000279ca60
Event: 2.415 Thread 0x0000000016510000 DEOPT PACKING pc=0x000000000279ca60 sp=0x00000000169beb40
Event: 2.415 Thread 0x0000000016510000 DEOPT UNPACKING pc=0x00000000022c556a sp=0x00000000169beb00 mode 2
Event: 2.415 loading class com/android/dx/rop/code/RegOps
Event: 2.415 loading class com/android/dx/rop/code/RegOps done
Event: 2.416 Thread 0x0000000016510000 Uncommon trap: trap_request=0xffffff65 fr.pc=0x00000000025ab79c
Event: 2.416 Thread 0x0000000016510000 DEOPT PACKING pc=0x00000000025ab79c sp=0x00000000169be990
Event: 2.416 Thread 0x0000000016510000 DEOPT UNPACKING pc=0x00000000022c556a sp=0x00000000169be938 mode 2
Event: 2.419 Thread 0x0000000016510000 DEOPT PACKING pc=0x0000000002583365 sp=0x00000000169bebd0
Event: 2.419 Thread 0x0000000016510000 DEOPT UNPACKING pc=0x00000000022c75bf sp=0x00000000169be9b0 mode 0


Dynamic libraries:
0x00007ff694090000 - 0x00007ff6940c1000 	D:\Android Studio\jre\bin\java.exe
0x00007ff828f40000 - 0x00007ff829102000 	C:\Windows\SYSTEM32\ntdll.dll
0x00007ff828770000 - 0x00007ff82881d000 	C:\Windows\system32\KERNEL32.DLL
0x00007ff8261a0000 - 0x00007ff82637d000 	C:\Windows\system32\KERNELBASE.dll
0x00007ff827130000 - 0x00007ff8271d6000 	C:\Windows\system32\ADVAPI32.dll
0x00007ff8289b0000 - 0x00007ff828a4d000 	C:\Windows\system32\msvcrt.dll
0x00007ff826870000 - 0x00007ff8268cb000 	C:\Windows\system32\sechost.dll
0x00007ff826d30000 - 0x00007ff826e56000 	C:\Windows\system32\RPCRT4.dll
0x00007ff826720000 - 0x00007ff82686e000 	C:\Windows\system32\USER32.dll
0x00007ff828820000 - 0x00007ff8289a5000 	C:\Windows\system32\GDI32.dll
0x00007ff818a50000 - 0x00007ff818cc4000 	C:\Windows\WinSxS\amd64_microsoft.windows.common-controls_6595b64144ccf1df_6.0.10240.16384_none_f41f7b285750ef43\COMCTL32.dll
0x00007ff8266e0000 - 0x00007ff826716000 	C:\Windows\system32\IMM32.DLL
0x00007ff826fd0000 - 0x00007ff82712c000 	C:\Windows\system32\MSCTF.dll
0x000000006b970000 - 0x000000006ba42000 	D:\Android Studio\jre\jre\bin\msvcr100.dll
0x000000006ba50000 - 0x000000006c28c000 	D:\Android Studio\jre\jre\bin\server\jvm.dll
0x00007ff8268d0000 - 0x00007ff8268d8000 	C:\Windows\system32\PSAPI.DLL
0x00007ff818290000 - 0x00007ff818299000 	C:\Windows\SYSTEM32\WSOCK32.dll
0x00007ff81dbd0000 - 0x00007ff81dbf3000 	C:\Windows\SYSTEM32\WINMM.dll
0x00007ff826e80000 - 0x00007ff826ee9000 	C:\Windows\system32\WS2_32.dll
0x00007ff8269a0000 - 0x00007ff8269a8000 	C:\Windows\system32\NSI.dll
0x00007ff823d90000 - 0x00007ff823d9a000 	C:\Windows\SYSTEM32\VERSION.dll
0x00007ff81dba0000 - 0x00007ff81dbcc000 	C:\Windows\SYSTEM32\WINMMBASE.dll
0x00007ff825ac0000 - 0x00007ff825b04000 	C:\Windows\system32\cfgmgr32.dll
0x00007ff824380000 - 0x00007ff8243a7000 	C:\Windows\SYSTEM32\DEVOBJ.dll
0x00007ff81c980000 - 0x00007ff81c98f000 	D:\Android Studio\jre\jre\bin\verify.dll
0x00007ff81bf30000 - 0x00007ff81bf59000 	D:\Android Studio\jre\jre\bin\java.dll
0x00007ff81bf10000 - 0x00007ff81bf26000 	D:\Android Studio\jre\jre\bin\zip.dll
0x00007ff8271e0000 - 0x00007ff828705000 	C:\Windows\system32\SHELL32.dll
0x00007ff825b10000 - 0x00007ff826138000 	C:\Windows\system32\windows.storage.dll
0x00007ff828a60000 - 0x00007ff828cdc000 	C:\Windows\system32\combase.dll
0x00007ff826680000 - 0x00007ff8266d1000 	C:\Windows\system32\shlwapi.dll
0x00007ff8259c0000 - 0x00007ff8259cf000 	C:\Windows\system32\kernel.appcore.dll
0x00007ff826380000 - 0x00007ff826433000 	C:\Windows\system32\shcore.dll
0x00007ff825970000 - 0x00007ff8259ba000 	C:\Windows\system32\powrprof.dll
0x00007ff8259f0000 - 0x00007ff825a03000 	C:\Windows\system32\profapi.dll

VM Arguments:
jvm_args: -Djava.awt.headless=true -Xmx1024M -Dfile.encoding=windows-1252 -Duser.country=US -Duser.language=en -Duser.variant 
java_command: com.android.dx.command.Main --dex --force-jumbo --num-threads=4 --multi-dex --output D:\Android project\AapkaTradeBuyerFinal\app\build\intermediates\transforms\dex\debug\folders\1000\5\slice_5 D:\Android project\AapkaTradeBuyerFinal\app\build\intermediates\transforms\instantRunSlicer\debug\folders\1\5\slice_5
java_class_path (initial): D:\NishantSDK\nishant\sdk\build-tools\25.0.2\lib\dx.jar
Launcher Type: SUN_STANDARD

Environment Variables:
PATH=C:\ProgramData\Oracle\Java\javapath;C:\Windows\system32;C:\Windows;C:\Windows\System32\Wbem;C:\Windows\System32\WindowsPowerShell\v1.0\;C:\ProgramData\Oracle\Java\javapath;C:\Windows\system32;C:\Windows;C:\Windows\System32\Wbem;C:\Windows\System32\WindowsPowerShell\v1.0\
USERNAME=PPC17
OS=Windows_NT
PROCESSOR_IDENTIFIER=Intel64 Family 6 Model 94 Stepping 3, GenuineIntel



---------------  S Y S T E M  ---------------

OS: Windows 10.0 , 64 bit Build 10240 (10.0.10240.16384)

CPU:total 4 (4 cores per cpu, 1 threads per core) family 6 model 94 stepping 3, cmov, cx8, fxsr, mmx, sse, sse2, sse3, ssse3, sse4.1, sse4.2, popcnt, avx, avx2, aes, clmul, erms, rtm, 3dnowpref, lzcnt, tsc, tscinvbit, bmi1, bmi2, adx

Memory: 4k page, physical 8288696k(378496k free), swap 21272244k(2356k free)

vm_info: OpenJDK 64-Bit Server VM (25.112-b06) for windows-amd64 JRE (1.8.0_112-release-b06), built on Dec  8 2016 00:54:26 by "builder" with MS VC++ 10.0 (VS2010)

time: Fri Jun 23 10:48:47 2017
elapsed time: 2 seconds (0d 0h 0m 2s)

